<?xml version="1.0" encoding="UTF-8"?>
<testng-results ignored="0" total="1" passed="1" failed="0" skipped="0">
  <reporter-output>
  </reporter-output>
  <suite started-at="2023-05-16T23:02:00Z" name="Default suite" finished-at="2023-05-16T23:02:00Z" duration-ms="13">
    <groups>
    </groups>
    <test started-at="2023-05-16T23:02:00Z" name="Default test" finished-at="2023-05-16T23:02:00Z" duration-ms="13">
      <class name="usa.tohid.javaCoding.RemoveDuplicates">
        <test-method signature="removeDuplicatesUsingList()[pri:0, instance:usa.tohid.javaCoding.RemoveDuplicates@20435c40]" started-at="2023-05-16T23:02:00Z" name="removeDuplicatesUsingList" finished-at="2023-05-16T23:02:00Z" duration-ms="6" status="PASS">
          <reporter-output>
          </reporter-output>
        </test-method> <!-- removeDuplicatesUsingList -->
      </class> <!-- usa.tohid.javaCoding.RemoveDuplicates -->
    </test> <!-- Default test -->
  </suite> <!-- Default suite -->
</testng-results>
